  CCamera.cpp
C:\Users\DaWes\3DOpenGL\OpenGL_Project (week 7)\OpenGL_Project\OpenGL_Project\CCamera.h(14,10): fatal  error C1083: Cannot open include file: 'glew.h': No such file or directory
  CFramebuffer.cpp
C:\Users\DaWes\3DOpenGL\OpenGL_Project (week 7)\OpenGL_Project\OpenGL_Project\CCamera.h(14,10): fatal  error C1083: Cannot open include file: 'glew.h': No such file or directory
  CHeightMap.cpp
C:\Users\DaWes\3DOpenGL\OpenGL_Project (week 7)\OpenGL_Project\OpenGL_Project\CCamera.h(14,10): fatal  error C1083: Cannot open include file: 'glew.h': No such file or directory
  CLightManager.cpp
C:\Users\DaWes\3DOpenGL\OpenGL_Project (week 7)\OpenGL_Project\OpenGL_Project\CCamera.h(14,10): fatal  error C1083: Cannot open include file: 'glew.h': No such file or directory
  CModel.cpp
C:\Users\DaWes\3DOpenGL\OpenGL_Project (week 7)\OpenGL_Project\OpenGL_Project\CModel.h(14,10): fatal  error C1083: Cannot open include file: 'tiny_obj_loader.h': No such file or directory
  CPerlinNoise.cpp
C:\Users\DaWes\3DOpenGL\OpenGL_Project (week 7)\OpenGL_Project\OpenGL_Project\stb_image_write.h(442,11): warning C5051: attribute 'fallthrough' requires at least '/std:c++17'; ignored
C:\Users\DaWes\3DOpenGL\OpenGL_Project (week 7)\OpenGL_Project\OpenGL_Project\CCamera.h(14,10): fatal  error C1083: Cannot open include file: 'glew.h': No such file or directory
  CQuad.cpp
C:\Users\DaWes\3DOpenGL\OpenGL_Project (week 7)\OpenGL_Project\OpenGL_Project\CCamera.h(14,10): fatal  error C1083: Cannot open include file: 'glew.h': No such file or directory
  CFrameBufferQuad.cpp
C:\Users\DaWes\3DOpenGL\OpenGL_Project (week 7)\OpenGL_Project\OpenGL_Project\CCamera.h(14,10): fatal  error C1083: Cannot open include file: 'glew.h': No such file or directory
  CScene.cpp
C:\Users\DaWes\3DOpenGL\OpenGL_Project (week 7)\OpenGL_Project\OpenGL_Project\CModel.h(14,10): fatal  error C1083: Cannot open include file: 'tiny_obj_loader.h': No such file or directory
  CShadowMap.cpp
C:\Users\DaWes\3DOpenGL\OpenGL_Project (week 7)\OpenGL_Project\OpenGL_Project\CCamera.h(14,10): fatal  error C1083: Cannot open include file: 'glew.h': No such file or directory
  CSkyBox.cpp
C:\Users\DaWes\3DOpenGL\OpenGL_Project (week 7)\OpenGL_Project\OpenGL_Project\CModel.h(14,10): fatal  error C1083: Cannot open include file: 'tiny_obj_loader.h': No such file or directory
  ShaderLoader.cpp
C:\Users\DaWes\3DOpenGL\OpenGL_Project (week 7)\OpenGL_Project\OpenGL_Project\ShaderLoader.h(4,10): fatal  error C1083: Cannot open include file: 'glew.h': No such file or directory
  Source.cpp
C:\Users\DaWes\3DOpenGL\OpenGL_Project (week 7)\OpenGL_Project\OpenGL_Project\ShaderLoader.h(4,10): fatal  error C1083: Cannot open include file: 'glew.h': No such file or directory
